c:\users\jimmy\documents\visual studio 11\projects\jk3md5\jk3md5\debug\jk3md5.about.resources
c:\users\jimmy\documents\visual studio 11\projects\jk3md5\jk3md5\debug\jk3md5.firstrun.resources
c:\users\jimmy\documents\visual studio 11\projects\jk3md5\jk3md5\debug\jk3md5.main.resources
c:\users\jimmy\documents\visual studio 11\projects\jk3md5\jk3md5\debug\jk3md5.settings.resources
d:\code\jk3md5\jk3md5\debug\jk3md5.pch
d:\code\jk3md5\jk3md5\debug\vc120.pdb
d:\code\jk3md5\jk3md5\debug\stdafx.obj
d:\code\jk3md5\jk3md5\debug\settings.obj
d:\code\jk3md5\jk3md5\debug\jk3md5.obj
d:\code\jk3md5\jk3md5\debug\firstrun.obj
d:\code\jk3md5\jk3md5\debug\assemblyinfo.obj
d:\code\jk3md5\jk3md5\debug\about.obj
d:\code\jk3md5\jk3md5\debug\.netframework,version=v4.0.assemblyattributes.obj
d:\code\jk3md5\jk3md5\debug\jk3md5.about.resources
d:\code\jk3md5\jk3md5\debug\jk3md5.firstrun.resources
d:\code\jk3md5\jk3md5\debug\jk3md5.main.resources
d:\code\jk3md5\jk3md5\debug\jk3md5.settings.resources
d:\code\jk3md5\jk3md5\debug\app.res
d:\code\jk3md5\jk3md5\debug\jk3md5.vcxproj.generateresource.cache
d:\code\jk3md5\jk3md5\debug\jk3md5.vcxprojresolveassemblyreference.cache
d:\code\jk3md5\jk3md5\debug\jk3md5.write.1.tlog
d:\code\jk3md5\debug\jk3md5.pdb
d:\code\jk3md5\jk3md5\debug\jk3md5.tlog\cl.command.1.tlog
d:\code\jk3md5\jk3md5\debug\jk3md5.tlog\cl.read.1.tlog
d:\code\jk3md5\jk3md5\debug\jk3md5.tlog\cl.write.1.tlog
d:\code\jk3md5\jk3md5\debug\jk3md5.tlog\jk3md5.write.1u.tlog
d:\code\jk3md5\jk3md5\debug\jk3md5.tlog\link.4264-cvtres.read.1.tlog
d:\code\jk3md5\jk3md5\debug\jk3md5.tlog\link.4264-cvtres.write.1.tlog
d:\code\jk3md5\jk3md5\debug\jk3md5.tlog\link.4264-rc.read.1.tlog
d:\code\jk3md5\jk3md5\debug\jk3md5.tlog\link.4264-rc.write.1.tlog
d:\code\jk3md5\jk3md5\debug\jk3md5.tlog\link.4264.read.1.tlog
d:\code\jk3md5\jk3md5\debug\jk3md5.tlog\link.4264.write.1.tlog
d:\code\jk3md5\jk3md5\debug\jk3md5.tlog\link.command.1.tlog
d:\code\jk3md5\jk3md5\debug\jk3md5.tlog\link.read.1.tlog
d:\code\jk3md5\jk3md5\debug\jk3md5.tlog\link.write.1.tlog
d:\code\jk3md5\jk3md5\debug\jk3md5.tlog\metagen.read.1.tlog
d:\code\jk3md5\jk3md5\debug\jk3md5.tlog\metagen.write.1.tlog
d:\code\jk3md5\jk3md5\debug\jk3md5.tlog\rc.command.1.tlog
d:\code\jk3md5\jk3md5\debug\jk3md5.tlog\rc.read.1.tlog
d:\code\jk3md5\jk3md5\debug\jk3md5.tlog\rc.write.1.tlog
d:\code\jk3md5\jk3md5\debug\jk3md5.tlog\tzres.dll.bi
